# JRE version: OpenJDK Runtime Environment Temurin-21.0.6+7 (21.0.6+7) (build 21.0.6+7-LTS)
# Java VM: OpenJDK 64-Bit Server VM Temurin-21.0.6+7 (21.0.6+7-LTS, mixed mode, sharing, tiered, compressed oops, compressed class ptrs, g1 gc, windows-amd64)
GC Precious Log:
 CardTable entry size: 512
 Card Set container configuration: InlinePtr #cards 5 size 8 Array Of Cards #cards 12 size 40 Howl #buckets 4 coarsen threshold 1843 Howl Bitmap #cards 512 size 80 coarsen threshold 460 Card regions per heap region 1 cards per card region 2048
 CPUs: 8 total, 8 available
 Memory: 7865M
 Large Page Support: Disabled
 NUMA Support: Disabled
 Compressed Oops: Enabled (32-bit)
 Heap Region Size: 1M
 Heap Min Capacity: 64M
 Heap Initial Capacity: 64M
 Heap Max Capacity: 64M
 Pre-touch: Disabled
 Parallel Workers: 8
 Concurrent Workers: 2
 Concurrent Refinement Workers: 8
 Periodic GC: Disabled
Heap:
 garbage-first heap   total 65536K, used 17415K [0x00000000fc000000, 0x0000000100000000)
  region size 1024K, 6 young (6144K), 1 survivors (1024K)
 Metaspace       used 10108K, committed 10368K, reserved 1114112K
  class space    used 1273K, committed 1408K, reserved 1048576K
GC Heap History (8 events):
Event: 1.286 GC heap before
{Heap before GC invocations=0 (full 0):
 garbage-first heap   total 65536K, used 23552K [0x00000000fc000000, 0x0000000100000000)
  region size 1024K, 23 young (23552K), 0 survivors (0K)
 Metaspace       used 1615K, committed 1792K, reserved 1114112K
  class space    used 149K, committed 256K, reserved 1048576K
}
Event: 1.288 GC heap after
{Heap after GC invocations=1 (full 0):
 garbage-first heap   total 65536K, used 1920K [0x00000000fc000000, 0x0000000100000000)
  region size 1024K, 2 young (2048K), 2 survivors (2048K)
 Metaspace       used 1615K, committed 1792K, reserved 1114112K
  class space    used 149K, committed 256K, reserved 1048576K
}
Event: 2.833 GC heap before
{Heap before GC invocations=1 (full 0):
 garbage-first heap   total 65536K, used 38784K [0x00000000fc000000, 0x0000000100000000)
  region size 1024K, 35 young (35840K), 2 survivors (2048K)
 Metaspace       used 8427K, committed 8704K, reserved 1114112K
  class space    used 1110K, committed 1216K, reserved 1048576K
}
Event: 2.837 GC heap after
{Heap after GC invocations=2 (full 0):
 garbage-first heap   total 65536K, used 12039K [0x00000000fc000000, 0x0000000100000000)
  region size 1024K, 5 young (5120K), 5 survivors (5120K)
 Metaspace       used 8427K, committed 8704K, reserved 1114112K
  class space    used 1110K, committed 1216K, reserved 1048576K
}
Event: 1784.151 GC heap before
{Heap before GC invocations=2 (full 0):
 garbage-first heap   total 65536K, used 42759K [0x00000000fc000000, 0x0000000100000000)
  region size 1024K, 35 young (35840K), 5 survivors (5120K)
 Metaspace       used 10108K, committed 10368K, reserved 1114112K
  class space    used 1273K, committed 1408K, reserved 1048576K
}
Event: 1784.204 GC heap after
{Heap after GC invocations=3 (full 0):
 garbage-first heap   total 65536K, used 13334K [0x00000000fc000000, 0x0000000100000000)
  region size 1024K, 1 young (1024K), 1 survivors (1024K)
 Metaspace       used 10108K, committed 10368K, reserved 1114112K
  class space    used 1273K, committed 1408K, reserved 1048576K
}
Event: 4750.057 GC heap before
{Heap before GC invocations=3 (full 0):
 garbage-first heap   total 65536K, used 46102K [0x00000000fc000000, 0x0000000100000000)
  region size 1024K, 33 young (33792K), 1 survivors (1024K)
 Metaspace       used 10108K, committed 10368K, reserved 1114112K
  class space    used 1273K, committed 1408K, reserved 1048576K
}
Event: 4750.098 GC heap after
{Heap after GC invocations=4 (full 0):
 garbage-first heap   total 65536K, used 13319K [0x00000000fc000000, 0x0000000100000000)
  region size 1024K, 1 young (1024K), 1 survivors (1024K)
 Metaspace       used 10108K, committed 10368K, reserved 1114112K
  class space    used 1273K, committed 1408K, reserved 1048576K
}

